
elfHook:     file format elf64-x86-64


Disassembly of section .interp:

0000000000400238 <.interp>:
  400238:	2f                   	(bad)  
  400239:	6c                   	insb   (%dx),%es:(%rdi)
  40023a:	69 62 36 34 2f 6c 64 	imul   $0x646c2f34,0x36(%rdx),%esp
  400241:	2d 6c 69 6e 75       	sub    $0x756e696c,%eax
  400246:	78 2d                	js     400275 <_init-0x193>
  400248:	78 38                	js     400282 <_init-0x186>
  40024a:	36                   	ss
  40024b:	2d 36 34 2e 73       	sub    $0x732e3436,%eax
  400250:	6f                   	outsl  %ds:(%rsi),(%dx)
  400251:	2e 32 00             	xor    %cs:(%rax),%al

Disassembly of section .note.ABI-tag:

0000000000400254 <.note.ABI-tag>:
  400254:	04 00                	add    $0x0,%al
  400256:	00 00                	add    %al,(%rax)
  400258:	10 00                	adc    %al,(%rax)
  40025a:	00 00                	add    %al,(%rax)
  40025c:	01 00                	add    %eax,(%rax)
  40025e:	00 00                	add    %al,(%rax)
  400260:	47                   	rex.RXB
  400261:	4e 55                	rex.WRX push %rbp
  400263:	00 00                	add    %al,(%rax)
  400265:	00 00                	add    %al,(%rax)
  400267:	00 02                	add    %al,(%rdx)
  400269:	00 00                	add    %al,(%rax)
  40026b:	00 06                	add    %al,(%rsi)
  40026d:	00 00                	add    %al,(%rax)
  40026f:	00 18                	add    %bl,(%rax)
  400271:	00 00                	add    %al,(%rax)
	...

Disassembly of section .note.gnu.build-id:

0000000000400274 <.note.gnu.build-id>:
  400274:	04 00                	add    $0x0,%al
  400276:	00 00                	add    %al,(%rax)
  400278:	14 00                	adc    $0x0,%al
  40027a:	00 00                	add    %al,(%rax)
  40027c:	03 00                	add    (%rax),%eax
  40027e:	00 00                	add    %al,(%rax)
  400280:	47                   	rex.RXB
  400281:	4e 55                	rex.WRX push %rbp
  400283:	00 a8 7d 34 5c bd    	add    %ch,-0x42a3cb83(%rax)
  400289:	6f                   	outsl  %ds:(%rsi),(%dx)
  40028a:	2b 96 7a 7a d4 fb    	sub    -0x42b8586(%rsi),%edx
  400290:	91                   	xchg   %eax,%ecx
  400291:	19 db                	sbb    %ebx,%ebx
  400293:	98                   	cwtl   
  400294:	1f                   	(bad)  
  400295:	8b c7                	mov    %edi,%eax
  400297:	06                   	(bad)  

Disassembly of section .gnu.hash:

0000000000400298 <.gnu.hash>:
  400298:	02 00                	add    (%rax),%al
  40029a:	00 00                	add    %al,(%rax)
  40029c:	04 00                	add    $0x0,%al
  40029e:	00 00                	add    %al,(%rax)
  4002a0:	01 00                	add    %eax,(%rax)
  4002a2:	00 00                	add    %al,(%rax)
  4002a4:	06                   	(bad)  
  4002a5:	00 00                	add    %al,(%rax)
  4002a7:	00 00                	add    %al,(%rax)
  4002a9:	00 00                	add    %al,(%rax)
  4002ab:	20 00                	and    %al,(%rax)
  4002ad:	40 00 00             	add    %al,(%rax)
  4002b0:	00 00                	add    %al,(%rax)
  4002b2:	00 00                	add    %al,(%rax)
  4002b4:	04 00                	add    $0x0,%al
  4002b6:	00 00                	add    %al,(%rax)
  4002b8:	9d                   	popfq  
  4002b9:	bb                   	.byte 0xbb
  4002ba:	93                   	xchg   %eax,%ebx
  4002bb:	1c                   	.byte 0x1c

Disassembly of section .dynsym:

00000000004002c0 <.dynsym>:
	...
  4002d8:	1a 00                	sbb    (%rax),%al
  4002da:	00 00                	add    %al,(%rax)
  4002dc:	12 00                	adc    (%rax),%al
	...
  4002ee:	00 00                	add    %al,(%rax)
  4002f0:	28 00                	sub    %al,(%rax)
  4002f2:	00 00                	add    %al,(%rax)
  4002f4:	12 00                	adc    (%rax),%al
	...
  400306:	00 00                	add    %al,(%rax)
  400308:	01 00                	add    %eax,(%rax)
  40030a:	00 00                	add    %al,(%rax)
  40030c:	20 00                	and    %al,(%rax)
	...
  40031e:	00 00                	add    %al,(%rax)
  400320:	21 00                	and    %eax,(%rax)
  400322:	00 00                	add    %al,(%rax)
  400324:	12 00                	adc    (%rax),%al
  400326:	00 00                	add    %al,(%rax)
  400328:	30 04 40             	xor    %al,(%rax,%rax,2)
	...

Disassembly of section .dynstr:

0000000000400338 <.dynstr>:
  400338:	00 5f 5f             	add    %bl,0x5f(%rdi)
  40033b:	67 6d                	insl   (%dx),%es:(%edi)
  40033d:	6f                   	outsl  %ds:(%rsi),(%dx)
  40033e:	6e                   	outsb  %ds:(%rsi),(%dx)
  40033f:	5f                   	pop    %rdi
  400340:	73 74                	jae    4003b6 <_init-0x52>
  400342:	61                   	(bad)  
  400343:	72 74                	jb     4003b9 <_init-0x4f>
  400345:	5f                   	pop    %rdi
  400346:	5f                   	pop    %rdi
  400347:	00 6c 69 62          	add    %ch,0x62(%rcx,%rbp,2)
  40034b:	63 2e                	movslq (%rsi),%ebp
  40034d:	73 6f                	jae    4003be <_init-0x4a>
  40034f:	2e 36 00 70 72       	cs add %dh,%cs:%ss:0x72(%rax)
  400354:	69 6e 74 66 00 73 74 	imul   $0x74730066,0x74(%rsi),%ebp
  40035b:	72 6c                	jb     4003c9 <_init-0x3f>
  40035d:	65 6e                	outsb  %gs:(%rsi),(%dx)
  40035f:	00 5f 5f             	add    %bl,0x5f(%rdi)
  400362:	6c                   	insb   (%dx),%es:(%rdi)
  400363:	69 62 63 5f 73 74 61 	imul   $0x6174735f,0x63(%rdx),%esp
  40036a:	72 74                	jb     4003e0 <_init-0x28>
  40036c:	5f                   	pop    %rdi
  40036d:	6d                   	insl   (%dx),%es:(%rdi)
  40036e:	61                   	(bad)  
  40036f:	69 6e 00 47 4c 49 42 	imul   $0x42494c47,0x0(%rsi),%ebp
  400376:	43 5f                	rex.XB pop %r15
  400378:	32 2e                	xor    (%rsi),%ch
  40037a:	32 2e                	xor    (%rsi),%ch
  40037c:	35                   	.byte 0x35
	...

Disassembly of section .gnu.version:

000000000040037e <.gnu.version>:
  40037e:	00 00                	add    %al,(%rax)
  400380:	02 00                	add    (%rax),%al
  400382:	02 00                	add    (%rax),%al
  400384:	00 00                	add    %al,(%rax)
  400386:	02 00                	add    (%rax),%al

Disassembly of section .gnu.version_r:

0000000000400388 <.gnu.version_r>:
  400388:	01 00                	add    %eax,(%rax)
  40038a:	01 00                	add    %eax,(%rax)
  40038c:	10 00                	adc    %al,(%rax)
  40038e:	00 00                	add    %al,(%rax)
  400390:	10 00                	adc    %al,(%rax)
  400392:	00 00                	add    %al,(%rax)
  400394:	00 00                	add    %al,(%rax)
  400396:	00 00                	add    %al,(%rax)
  400398:	75 1a                	jne    4003b4 <_init-0x54>
  40039a:	69 09 00 00 02 00    	imul   $0x20000,(%rcx),%ecx
  4003a0:	3a 00                	cmp    (%rax),%al
  4003a2:	00 00                	add    %al,(%rax)
  4003a4:	00 00                	add    %al,(%rax)
	...

Disassembly of section .rela.dyn:

00000000004003a8 <.rela.dyn>:
  4003a8:	e0 0f                	loopne 4003b9 <_init-0x4f>
  4003aa:	60                   	(bad)  
  4003ab:	00 00                	add    %al,(%rax)
  4003ad:	00 00                	add    %al,(%rax)
  4003af:	00 06                	add    %al,(%rsi)
  4003b1:	00 00                	add    %al,(%rax)
  4003b3:	00 03                	add    %al,(%rbx)
	...

Disassembly of section .rela.plt:

00000000004003c0 <.rela.plt>:
  4003c0:	00 10                	add    %dl,(%rax)
  4003c2:	60                   	(bad)  
  4003c3:	00 00                	add    %al,(%rax)
  4003c5:	00 00                	add    %al,(%rax)
  4003c7:	00 07                	add    %al,(%rdi)
  4003c9:	00 00                	add    %al,(%rax)
  4003cb:	00 04 00             	add    %al,(%rax,%rax,1)
	...
  4003d6:	00 00                	add    %al,(%rax)
  4003d8:	08 10                	or     %dl,(%rax)
  4003da:	60                   	(bad)  
  4003db:	00 00                	add    %al,(%rax)
  4003dd:	00 00                	add    %al,(%rax)
  4003df:	00 07                	add    %al,(%rdi)
  4003e1:	00 00                	add    %al,(%rax)
  4003e3:	00 01                	add    %al,(%rcx)
	...
  4003ed:	00 00                	add    %al,(%rax)
  4003ef:	00 10                	add    %dl,(%rax)
  4003f1:	10 60 00             	adc    %ah,0x0(%rax)
  4003f4:	00 00                	add    %al,(%rax)
  4003f6:	00 00                	add    %al,(%rax)
  4003f8:	07                   	(bad)  
  4003f9:	00 00                	add    %al,(%rax)
  4003fb:	00 02                	add    %al,(%rdx)
	...

Disassembly of section .init:

0000000000400408 <_init>:
  400408:	48 83 ec 08          	sub    $0x8,%rsp
  40040c:	e8 7b 00 00 00       	callq  40048c <call_gmon_start>
  400411:	e8 0a 01 00 00       	callq  400520 <frame_dummy>
  400416:	e8 25 02 00 00       	callq  400640 <__do_global_ctors_aux>
  40041b:	48 83 c4 08          	add    $0x8,%rsp
  40041f:	c3                   	retq   

Disassembly of section .plt:

0000000000400420 <strlen@plt-0x10>:
  400420:	ff 35 ca 0b 20 00    	pushq  0x200bca(%rip)        # 600ff0 <_GLOBAL_OFFSET_TABLE_+0x8>
  400426:	ff 25 cc 0b 20 00    	jmpq   *0x200bcc(%rip)        # 600ff8 <_GLOBAL_OFFSET_TABLE_+0x10>
  40042c:	0f 1f 40 00          	nopl   0x0(%rax)

0000000000400430 <strlen@plt>:
  400430:	ff 25 ca 0b 20 00    	jmpq   *0x200bca(%rip)        # 601000 <_GLOBAL_OFFSET_TABLE_+0x18>
  400436:	68 00 00 00 00       	pushq  $0x0
  40043b:	e9 e0 ff ff ff       	jmpq   400420 <_init+0x18>

0000000000400440 <printf@plt>:
  400440:	ff 25 c2 0b 20 00    	jmpq   *0x200bc2(%rip)        # 601008 <_GLOBAL_OFFSET_TABLE_+0x20>
  400446:	68 01 00 00 00       	pushq  $0x1
  40044b:	e9 d0 ff ff ff       	jmpq   400420 <_init+0x18>

0000000000400450 <__libc_start_main@plt>:
  400450:	ff 25 ba 0b 20 00    	jmpq   *0x200bba(%rip)        # 601010 <_GLOBAL_OFFSET_TABLE_+0x28>
  400456:	68 02 00 00 00       	pushq  $0x2
  40045b:	e9 c0 ff ff ff       	jmpq   400420 <_init+0x18>

Disassembly of section .text:

0000000000400460 <_start>:
  400460:	31 ed                	xor    %ebp,%ebp
  400462:	49 89 d1             	mov    %rdx,%r9
  400465:	5e                   	pop    %rsi
  400466:	48 89 e2             	mov    %rsp,%rdx
  400469:	48 83 e4 f0          	and    $0xfffffffffffffff0,%rsp
  40046d:	50                   	push   %rax
  40046e:	54                   	push   %rsp
  40046f:	49 c7 c0 30 06 40 00 	mov    $0x400630,%r8
  400476:	48 c7 c1 a0 05 40 00 	mov    $0x4005a0,%rcx
  40047d:	48 c7 c7 44 05 40 00 	mov    $0x400544,%rdi
  400484:	e8 c7 ff ff ff       	callq  400450 <__libc_start_main@plt>
  400489:	f4                   	hlt    
  40048a:	90                   	nop
  40048b:	90                   	nop

000000000040048c <call_gmon_start>:
  40048c:	48 83 ec 08          	sub    $0x8,%rsp
  400490:	48 8b 05 49 0b 20 00 	mov    0x200b49(%rip),%rax        # 600fe0 <_DYNAMIC+0x190>
  400497:	48 85 c0             	test   %rax,%rax
  40049a:	74 02                	je     40049e <call_gmon_start+0x12>
  40049c:	ff d0                	callq  *%rax
  40049e:	48 83 c4 08          	add    $0x8,%rsp
  4004a2:	c3                   	retq   
  4004a3:	90                   	nop
  4004a4:	90                   	nop
  4004a5:	90                   	nop
  4004a6:	90                   	nop
  4004a7:	90                   	nop
  4004a8:	90                   	nop
  4004a9:	90                   	nop
  4004aa:	90                   	nop
  4004ab:	90                   	nop
  4004ac:	90                   	nop
  4004ad:	90                   	nop
  4004ae:	90                   	nop
  4004af:	90                   	nop

00000000004004b0 <__do_global_dtors_aux>:
  4004b0:	55                   	push   %rbp
  4004b1:	48 89 e5             	mov    %rsp,%rbp
  4004b4:	53                   	push   %rbx
  4004b5:	48 83 ec 08          	sub    $0x8,%rsp
  4004b9:	80 3d 70 0b 20 00 00 	cmpb   $0x0,0x200b70(%rip)        # 601030 <__bss_start>
  4004c0:	75 4b                	jne    40050d <__do_global_dtors_aux+0x5d>
  4004c2:	bb 40 0e 60 00       	mov    $0x600e40,%ebx
  4004c7:	48 8b 05 6a 0b 20 00 	mov    0x200b6a(%rip),%rax        # 601038 <dtor_idx.6533>
  4004ce:	48 81 eb 38 0e 60 00 	sub    $0x600e38,%rbx
  4004d5:	48 c1 fb 03          	sar    $0x3,%rbx
  4004d9:	48 83 eb 01          	sub    $0x1,%rbx
  4004dd:	48 39 d8             	cmp    %rbx,%rax
  4004e0:	73 24                	jae    400506 <__do_global_dtors_aux+0x56>
  4004e2:	66 0f 1f 44 00 00    	nopw   0x0(%rax,%rax,1)
  4004e8:	48 83 c0 01          	add    $0x1,%rax
  4004ec:	48 89 05 45 0b 20 00 	mov    %rax,0x200b45(%rip)        # 601038 <dtor_idx.6533>
  4004f3:	ff 14 c5 38 0e 60 00 	callq  *0x600e38(,%rax,8)
  4004fa:	48 8b 05 37 0b 20 00 	mov    0x200b37(%rip),%rax        # 601038 <dtor_idx.6533>
  400501:	48 39 d8             	cmp    %rbx,%rax
  400504:	72 e2                	jb     4004e8 <__do_global_dtors_aux+0x38>
  400506:	c6 05 23 0b 20 00 01 	movb   $0x1,0x200b23(%rip)        # 601030 <__bss_start>
  40050d:	48 83 c4 08          	add    $0x8,%rsp
  400511:	5b                   	pop    %rbx
  400512:	5d                   	pop    %rbp
  400513:	c3                   	retq   
  400514:	66 66 66 2e 0f 1f 84 	data32 data32 nopw %cs:0x0(%rax,%rax,1)
  40051b:	00 00 00 00 00 

0000000000400520 <frame_dummy>:
  400520:	48 83 3d 20 09 20 00 	cmpq   $0x0,0x200920(%rip)        # 600e48 <__JCR_END__>
  400527:	00 
  400528:	55                   	push   %rbp
  400529:	48 89 e5             	mov    %rsp,%rbp
  40052c:	74 12                	je     400540 <frame_dummy+0x20>
  40052e:	b8 00 00 00 00       	mov    $0x0,%eax
  400533:	48 85 c0             	test   %rax,%rax
  400536:	74 08                	je     400540 <frame_dummy+0x20>
  400538:	5d                   	pop    %rbp
  400539:	bf 48 0e 60 00       	mov    $0x600e48,%edi
  40053e:	ff e0                	jmpq   *%rax
  400540:	5d                   	pop    %rbp
  400541:	c3                   	retq   
  400542:	90                   	nop
  400543:	90                   	nop

0000000000400544 <main>:
  400544:	55                   	push   %rbp
  400545:	48 89 e5             	mov    %rsp,%rbp
  400548:	48 83 ec 20          	sub    $0x20,%rsp
  40054c:	89 7d ec             	mov    %edi,-0x14(%rbp)
  40054f:	48 89 75 e0          	mov    %rsi,-0x20(%rbp)
  400553:	48 c7 45 f0 8c 06 40 	movq   $0x40068c,-0x10(%rbp)
  40055a:	00 
  40055b:	48 8b 15 c6 0a 20 00 	mov    0x200ac6(%rip),%rdx        # 601028 <g_strlen>
  400562:	48 8b 45 f0          	mov    -0x10(%rbp),%rax
  400566:	48 89 c7             	mov    %rax,%rdi
  400569:	ff d2                	callq  *%rdx
  40056b:	89 45 f8             	mov    %eax,-0x8(%rbp)
  40056e:	48 8b 45 f0          	mov    -0x10(%rbp),%rax
  400572:	48 89 c7             	mov    %rax,%rdi
  400575:	e8 b6 fe ff ff       	callq  400430 <strlen@plt>      '对应elf_hook.cpp:12 strlen(elf_hook)'
  40057a:	89 45 fc             	mov    %eax,-0x4(%rbp)
  40057d:	8b 55 fc             	mov    -0x4(%rbp),%edx
  400580:	8b 45 f8             	mov    -0x8(%rbp),%eax
  400583:	89 c6                	mov    %eax,%esi
  400585:	bf 96 06 40 00       	mov    $0x400696,%edi
  40058a:	b8 00 00 00 00       	mov    $0x0,%eax
  40058f:	e8 ac fe ff ff       	callq  400440 <printf@plt>
  400594:	b8 00 00 00 00       	mov    $0x0,%eax
  400599:	c9                   	leaveq 
  40059a:	c3                   	retq   
  40059b:	90                   	nop
  40059c:	90                   	nop
  40059d:	90                   	nop
  40059e:	90                   	nop
  40059f:	90                   	nop

00000000004005a0 <__libc_csu_init>:
  4005a0:	48 89 6c 24 d8       	mov    %rbp,-0x28(%rsp)
  4005a5:	4c 89 64 24 e0       	mov    %r12,-0x20(%rsp)
  4005aa:	48 8d 2d 73 08 20 00 	lea    0x200873(%rip),%rbp        # 600e24 <__init_array_end>
  4005b1:	4c 8d 25 6c 08 20 00 	lea    0x20086c(%rip),%r12        # 600e24 <__init_array_end>
  4005b8:	4c 89 6c 24 e8       	mov    %r13,-0x18(%rsp)
  4005bd:	4c 89 74 24 f0       	mov    %r14,-0x10(%rsp)
  4005c2:	4c 89 7c 24 f8       	mov    %r15,-0x8(%rsp)
  4005c7:	48 89 5c 24 d0       	mov    %rbx,-0x30(%rsp)
  4005cc:	48 83 ec 38          	sub    $0x38,%rsp
  4005d0:	4c 29 e5             	sub    %r12,%rbp
  4005d3:	41 89 fd             	mov    %edi,%r13d
  4005d6:	49 89 f6             	mov    %rsi,%r14
  4005d9:	48 c1 fd 03          	sar    $0x3,%rbp
  4005dd:	49 89 d7             	mov    %rdx,%r15
  4005e0:	e8 23 fe ff ff       	callq  400408 <_init>
  4005e5:	48 85 ed             	test   %rbp,%rbp
  4005e8:	74 1c                	je     400606 <__libc_csu_init+0x66>
  4005ea:	31 db                	xor    %ebx,%ebx
  4005ec:	0f 1f 40 00          	nopl   0x0(%rax)
  4005f0:	4c 89 fa             	mov    %r15,%rdx
  4005f3:	4c 89 f6             	mov    %r14,%rsi
  4005f6:	44 89 ef             	mov    %r13d,%edi
  4005f9:	41 ff 14 dc          	callq  *(%r12,%rbx,8)
  4005fd:	48 83 c3 01          	add    $0x1,%rbx
  400601:	48 39 eb             	cmp    %rbp,%rbx
  400604:	75 ea                	jne    4005f0 <__libc_csu_init+0x50>
  400606:	48 8b 5c 24 08       	mov    0x8(%rsp),%rbx
  40060b:	48 8b 6c 24 10       	mov    0x10(%rsp),%rbp
  400610:	4c 8b 64 24 18       	mov    0x18(%rsp),%r12
  400615:	4c 8b 6c 24 20       	mov    0x20(%rsp),%r13
  40061a:	4c 8b 74 24 28       	mov    0x28(%rsp),%r14
  40061f:	4c 8b 7c 24 30       	mov    0x30(%rsp),%r15
  400624:	48 83 c4 38          	add    $0x38,%rsp
  400628:	c3                   	retq   
  400629:	0f 1f 80 00 00 00 00 	nopl   0x0(%rax)

0000000000400630 <__libc_csu_fini>:
  400630:	f3 c3                	repz retq 
  400632:	90                   	nop
  400633:	90                   	nop
  400634:	90                   	nop
  400635:	90                   	nop
  400636:	90                   	nop
  400637:	90                   	nop
  400638:	90                   	nop
  400639:	90                   	nop
  40063a:	90                   	nop
  40063b:	90                   	nop
  40063c:	90                   	nop
  40063d:	90                   	nop
  40063e:	90                   	nop
  40063f:	90                   	nop

0000000000400640 <__do_global_ctors_aux>:
  400640:	55                   	push   %rbp
  400641:	48 89 e5             	mov    %rsp,%rbp
  400644:	53                   	push   %rbx
  400645:	48 83 ec 08          	sub    $0x8,%rsp
  400649:	48 8b 05 d8 07 20 00 	mov    0x2007d8(%rip),%rax        # 600e28 <__CTOR_LIST__>
  400650:	48 83 f8 ff          	cmp    $0xffffffffffffffff,%rax
  400654:	74 19                	je     40066f <__do_global_ctors_aux+0x2f>
  400656:	bb 28 0e 60 00       	mov    $0x600e28,%ebx
  40065b:	0f 1f 44 00 00       	nopl   0x0(%rax,%rax,1)
  400660:	48 83 eb 08          	sub    $0x8,%rbx
  400664:	ff d0                	callq  *%rax
  400666:	48 8b 03             	mov    (%rbx),%rax
  400669:	48 83 f8 ff          	cmp    $0xffffffffffffffff,%rax
  40066d:	75 f1                	jne    400660 <__do_global_ctors_aux+0x20>
  40066f:	48 83 c4 08          	add    $0x8,%rsp
  400673:	5b                   	pop    %rbx
  400674:	5d                   	pop    %rbp
  400675:	c3                   	retq   
  400676:	90                   	nop
  400677:	90                   	nop

Disassembly of section .fini:

0000000000400678 <_fini>:
  400678:	48 83 ec 08          	sub    $0x8,%rsp
  40067c:	e8 2f fe ff ff       	callq  4004b0 <__do_global_dtors_aux>
  400681:	48 83 c4 08          	add    $0x8,%rsp
  400685:	c3                   	retq   

Disassembly of section .rodata:

0000000000400688 <_IO_stdin_used>:
  400688:	01 00                	add    %eax,(%rax)
  40068a:	02 00                	add    (%rax),%al
  40068c:	65                   	gs
  40068d:	6c                   	insb   (%dx),%es:(%rdi)
  40068e:	66                   	data16
  40068f:	20 68 6f             	and    %ch,0x6f(%rax)
  400692:	6f                   	outsl  %ds:(%rsi),(%dx)
  400693:	6b 21 00             	imul   $0x0,(%rcx),%esp
  400696:	61                   	(bad)  
  400697:	5f                   	pop    %rdi
  400698:	6c                   	insb   (%dx),%es:(%rdi)
  400699:	65 6e                	outsb  %gs:(%rsi),(%dx)
  40069b:	3a 20                	cmp    (%rax),%ah
  40069d:	25 64 2c 20 62       	and    $0x62202c64,%eax
  4006a2:	5f                   	pop    %rdi
  4006a3:	6c                   	insb   (%dx),%es:(%rdi)
  4006a4:	65 6e                	outsb  %gs:(%rsi),(%dx)
  4006a6:	3a 20                	cmp    (%rax),%ah
  4006a8:	25                   	.byte 0x25
  4006a9:	64 0a 00             	or     %fs:(%rax),%al

Disassembly of section .eh_frame_hdr:

00000000004006ac <.eh_frame_hdr>:
  4006ac:	01 1b                	add    %ebx,(%rbx)
  4006ae:	03 3b                	add    (%rbx),%edi
  4006b0:	28 00                	sub    %al,(%rax)
  4006b2:	00 00                	add    %al,(%rax)
  4006b4:	04 00                	add    $0x0,%al
  4006b6:	00 00                	add    %al,(%rax)
  4006b8:	74 fd                	je     4006b7 <_IO_stdin_used+0x2f>
  4006ba:	ff                   	(bad)  
  4006bb:	ff 44 00 00          	incl   0x0(%rax,%rax,1)
  4006bf:	00 98 fe ff ff 6c    	add    %bl,0x6cfffffe(%rax)
  4006c5:	00 00                	add    %al,(%rax)
  4006c7:	00 f4                	add    %dh,%ah
  4006c9:	fe                   	(bad)  
  4006ca:	ff                   	(bad)  
  4006cb:	ff 8c 00 00 00 84 ff 	decl   -0x7c0000(%rax,%rax,1)
  4006d2:	ff                   	(bad)  
  4006d3:	ff                   	.byte 0xff
  4006d4:	b4 00                	mov    $0x0,%ah
	...

Disassembly of section .eh_frame:

00000000004006d8 <__FRAME_END__-0xa0>:
  4006d8:	14 00                	adc    $0x0,%al
  4006da:	00 00                	add    %al,(%rax)
  4006dc:	00 00                	add    %al,(%rax)
  4006de:	00 00                	add    %al,(%rax)
  4006e0:	01 7a 52             	add    %edi,0x52(%rdx)
  4006e3:	00 01                	add    %al,(%rcx)
  4006e5:	78 10                	js     4006f7 <_IO_stdin_used+0x6f>
  4006e7:	01 1b                	add    %ebx,(%rbx)
  4006e9:	0c 07                	or     $0x7,%al
  4006eb:	08 90 01 00 00 24    	or     %dl,0x24000001(%rax)
  4006f1:	00 00                	add    %al,(%rax)
  4006f3:	00 1c 00             	add    %bl,(%rax,%rax,1)
  4006f6:	00 00                	add    %al,(%rax)
  4006f8:	28 fd                	sub    %bh,%ch
  4006fa:	ff                   	(bad)  
  4006fb:	ff 40 00             	incl   0x0(%rax)
  4006fe:	00 00                	add    %al,(%rax)
  400700:	00 0e                	add    %cl,(%rsi)
  400702:	10 46 0e             	adc    %al,0xe(%rsi)
  400705:	18 4a 0f             	sbb    %cl,0xf(%rdx)
  400708:	0b 77 08             	or     0x8(%rdi),%esi
  40070b:	80 00 3f             	addb   $0x3f,(%rax)
  40070e:	1a 3b                	sbb    (%rbx),%bh
  400710:	2a 33                	sub    (%rbx),%dh
  400712:	24 22                	and    $0x22,%al
  400714:	00 00                	add    %al,(%rax)
  400716:	00 00                	add    %al,(%rax)
  400718:	1c 00                	sbb    $0x0,%al
  40071a:	00 00                	add    %al,(%rax)
  40071c:	44 00 00             	add    %r8b,(%rax)
  40071f:	00 24 fe             	add    %ah,(%rsi,%rdi,8)
  400722:	ff                   	(bad)  
  400723:	ff 57 00             	callq  *0x0(%rdi)
  400726:	00 00                	add    %al,(%rax)
  400728:	00 41 0e             	add    %al,0xe(%rcx)
  40072b:	10 86 02 43 0d 06    	adc    %al,0x60d4302(%rsi)
  400731:	02 52 0c             	add    0xc(%rdx),%dl
  400734:	07                   	(bad)  
  400735:	08 00                	or     %al,(%rax)
  400737:	00 24 00             	add    %ah,(%rax,%rax,1)
  40073a:	00 00                	add    %al,(%rax)
  40073c:	64 00 00             	add    %al,%fs:(%rax)
  40073f:	00 60 fe             	add    %ah,-0x2(%rax)
  400742:	ff                   	(bad)  
  400743:	ff 89 00 00 00 00    	decl   0x0(%rcx)
  400749:	51                   	push   %rcx
  40074a:	8c 05 86 06 5f 0e    	mov    %es,0xe5f0686(%rip)        # e9f0dd6 <_end+0xe3efd96>
  400750:	40 83 07 8f          	rex addl $0xffffff8f,(%rdi)
  400754:	02 8e 03 8d 04 02    	add    0x2048d03(%rsi),%cl
  40075a:	58                   	pop    %rax
  40075b:	0e                   	(bad)  
  40075c:	08 00                	or     %al,(%rax)
  40075e:	00 00                	add    %al,(%rax)
  400760:	14 00                	adc    $0x0,%al
  400762:	00 00                	add    %al,(%rax)
  400764:	8c 00                	mov    %es,(%rax)
  400766:	00 00                	add    %al,(%rax)
  400768:	c8 fe ff ff          	enterq $0xfffe,$0xff
  40076c:	02 00                	add    (%rax),%al
	...

0000000000400778 <__FRAME_END__>:
  400778:	00 00                	add    %al,(%rax)
	...

Disassembly of section .ctors:

0000000000600e28 <__CTOR_LIST__>:
  600e28:	ff                   	(bad)  
  600e29:	ff                   	(bad)  
  600e2a:	ff                   	(bad)  
  600e2b:	ff                   	(bad)  
  600e2c:	ff                   	(bad)  
  600e2d:	ff                   	(bad)  
  600e2e:	ff                   	(bad)  
  600e2f:	ff 00                	incl   (%rax)

0000000000600e30 <__CTOR_END__>:
	...

Disassembly of section .dtors:

0000000000600e38 <__DTOR_LIST__>:
  600e38:	ff                   	(bad)  
  600e39:	ff                   	(bad)  
  600e3a:	ff                   	(bad)  
  600e3b:	ff                   	(bad)  
  600e3c:	ff                   	(bad)  
  600e3d:	ff                   	(bad)  
  600e3e:	ff                   	(bad)  
  600e3f:	ff 00                	incl   (%rax)

0000000000600e40 <__DTOR_END__>:
	...

Disassembly of section .jcr:

0000000000600e48 <__JCR_END__>:
	...

Disassembly of section .dynamic:

0000000000600e50 <_DYNAMIC>:
  600e50:	01 00                	add    %eax,(%rax)
  600e52:	00 00                	add    %al,(%rax)
  600e54:	00 00                	add    %al,(%rax)
  600e56:	00 00                	add    %al,(%rax)
  600e58:	10 00                	adc    %al,(%rax)
  600e5a:	00 00                	add    %al,(%rax)
  600e5c:	00 00                	add    %al,(%rax)
  600e5e:	00 00                	add    %al,(%rax)
  600e60:	0c 00                	or     $0x0,%al
  600e62:	00 00                	add    %al,(%rax)
  600e64:	00 00                	add    %al,(%rax)
  600e66:	00 00                	add    %al,(%rax)
  600e68:	08 04 40             	or     %al,(%rax,%rax,2)
  600e6b:	00 00                	add    %al,(%rax)
  600e6d:	00 00                	add    %al,(%rax)
  600e6f:	00 0d 00 00 00 00    	add    %cl,0x0(%rip)        # 600e75 <_DYNAMIC+0x25>
  600e75:	00 00                	add    %al,(%rax)
  600e77:	00 78 06             	add    %bh,0x6(%rax)
  600e7a:	40 00 00             	add    %al,(%rax)
  600e7d:	00 00                	add    %al,(%rax)
  600e7f:	00 f5                	add    %dh,%ch
  600e81:	fe                   	(bad)  
  600e82:	ff 6f 00             	ljmpq  *0x0(%rdi)
  600e85:	00 00                	add    %al,(%rax)
  600e87:	00 98 02 40 00 00    	add    %bl,0x4002(%rax)
  600e8d:	00 00                	add    %al,(%rax)
  600e8f:	00 05 00 00 00 00    	add    %al,0x0(%rip)        # 600e95 <_DYNAMIC+0x45>
  600e95:	00 00                	add    %al,(%rax)
  600e97:	00 38                	add    %bh,(%rax)
  600e99:	03 40 00             	add    0x0(%rax),%eax
  600e9c:	00 00                	add    %al,(%rax)
  600e9e:	00 00                	add    %al,(%rax)
  600ea0:	06                   	(bad)  
  600ea1:	00 00                	add    %al,(%rax)
  600ea3:	00 00                	add    %al,(%rax)
  600ea5:	00 00                	add    %al,(%rax)
  600ea7:	00 c0                	add    %al,%al
  600ea9:	02 40 00             	add    0x0(%rax),%al
  600eac:	00 00                	add    %al,(%rax)
  600eae:	00 00                	add    %al,(%rax)
  600eb0:	0a 00                	or     (%rax),%al
  600eb2:	00 00                	add    %al,(%rax)
  600eb4:	00 00                	add    %al,(%rax)
  600eb6:	00 00                	add    %al,(%rax)
  600eb8:	46 00 00             	rex.RX add %r8b,(%rax)
  600ebb:	00 00                	add    %al,(%rax)
  600ebd:	00 00                	add    %al,(%rax)
  600ebf:	00 0b                	add    %cl,(%rbx)
  600ec1:	00 00                	add    %al,(%rax)
  600ec3:	00 00                	add    %al,(%rax)
  600ec5:	00 00                	add    %al,(%rax)
  600ec7:	00 18                	add    %bl,(%rax)
  600ec9:	00 00                	add    %al,(%rax)
  600ecb:	00 00                	add    %al,(%rax)
  600ecd:	00 00                	add    %al,(%rax)
  600ecf:	00 15 00 00 00 00    	add    %dl,0x0(%rip)        # 600ed5 <_DYNAMIC+0x85>
	...
  600edd:	00 00                	add    %al,(%rax)
  600edf:	00 03                	add    %al,(%rbx)
  600ee1:	00 00                	add    %al,(%rax)
  600ee3:	00 00                	add    %al,(%rax)
  600ee5:	00 00                	add    %al,(%rax)
  600ee7:	00 e8                	add    %ch,%al
  600ee9:	0f 60 00             	punpcklbw (%rax),%mm0
  600eec:	00 00                	add    %al,(%rax)
  600eee:	00 00                	add    %al,(%rax)
  600ef0:	02 00                	add    (%rax),%al
  600ef2:	00 00                	add    %al,(%rax)
  600ef4:	00 00                	add    %al,(%rax)
  600ef6:	00 00                	add    %al,(%rax)
  600ef8:	48 00 00             	rex.W add %al,(%rax)
  600efb:	00 00                	add    %al,(%rax)
  600efd:	00 00                	add    %al,(%rax)
  600eff:	00 14 00             	add    %dl,(%rax,%rax,1)
  600f02:	00 00                	add    %al,(%rax)
  600f04:	00 00                	add    %al,(%rax)
  600f06:	00 00                	add    %al,(%rax)
  600f08:	07                   	(bad)  
  600f09:	00 00                	add    %al,(%rax)
  600f0b:	00 00                	add    %al,(%rax)
  600f0d:	00 00                	add    %al,(%rax)
  600f0f:	00 17                	add    %dl,(%rdi)
  600f11:	00 00                	add    %al,(%rax)
  600f13:	00 00                	add    %al,(%rax)
  600f15:	00 00                	add    %al,(%rax)
  600f17:	00 c0                	add    %al,%al
  600f19:	03 40 00             	add    0x0(%rax),%eax
  600f1c:	00 00                	add    %al,(%rax)
  600f1e:	00 00                	add    %al,(%rax)
  600f20:	07                   	(bad)  
  600f21:	00 00                	add    %al,(%rax)
  600f23:	00 00                	add    %al,(%rax)
  600f25:	00 00                	add    %al,(%rax)
  600f27:	00 a8 03 40 00 00    	add    %ch,0x4003(%rax)
  600f2d:	00 00                	add    %al,(%rax)
  600f2f:	00 08                	add    %cl,(%rax)
  600f31:	00 00                	add    %al,(%rax)
  600f33:	00 00                	add    %al,(%rax)
  600f35:	00 00                	add    %al,(%rax)
  600f37:	00 18                	add    %bl,(%rax)
  600f39:	00 00                	add    %al,(%rax)
  600f3b:	00 00                	add    %al,(%rax)
  600f3d:	00 00                	add    %al,(%rax)
  600f3f:	00 09                	add    %cl,(%rcx)
  600f41:	00 00                	add    %al,(%rax)
  600f43:	00 00                	add    %al,(%rax)
  600f45:	00 00                	add    %al,(%rax)
  600f47:	00 18                	add    %bl,(%rax)
  600f49:	00 00                	add    %al,(%rax)
  600f4b:	00 00                	add    %al,(%rax)
  600f4d:	00 00                	add    %al,(%rax)
  600f4f:	00 fe                	add    %bh,%dh
  600f51:	ff                   	(bad)  
  600f52:	ff 6f 00             	ljmpq  *0x0(%rdi)
  600f55:	00 00                	add    %al,(%rax)
  600f57:	00 88 03 40 00 00    	add    %cl,0x4003(%rax)
  600f5d:	00 00                	add    %al,(%rax)
  600f5f:	00 ff                	add    %bh,%bh
  600f61:	ff                   	(bad)  
  600f62:	ff 6f 00             	ljmpq  *0x0(%rdi)
  600f65:	00 00                	add    %al,(%rax)
  600f67:	00 01                	add    %al,(%rcx)
  600f69:	00 00                	add    %al,(%rax)
  600f6b:	00 00                	add    %al,(%rax)
  600f6d:	00 00                	add    %al,(%rax)
  600f6f:	00 f0                	add    %dh,%al
  600f71:	ff                   	(bad)  
  600f72:	ff 6f 00             	ljmpq  *0x0(%rdi)
  600f75:	00 00                	add    %al,(%rax)
  600f77:	00 7e 03             	add    %bh,0x3(%rsi)
  600f7a:	40 00 00             	add    %al,(%rax)
	...

Disassembly of section .got:

0000000000600fe0 <.got>:
	...

Disassembly of section .got.plt:

0000000000600fe8 <_GLOBAL_OFFSET_TABLE_>:
  600fe8:	50                   	push   %rax
  600fe9:	0e                   	(bad)  
  600fea:	60                   	(bad)  
	...
  600fff:	00 36                	add    %dh,(%rsi)
  601001:	04 40                	add    $0x40,%al
  601003:	00 00                	add    %al,(%rax)
  601005:	00 00                	add    %al,(%rax)
  601007:	00 46 04             	add    %al,0x4(%rsi)
  60100a:	40 00 00             	add    %al,(%rax)
  60100d:	00 00                	add    %al,(%rax)
  60100f:	00 56 04             	add    %dl,0x4(%rsi)
  601012:	40 00 00             	add    %al,(%rax)
  601015:	00 00                	add    %al,(%rax)
	...

Disassembly of section .data:

0000000000601018 <__data_start>:
	...

0000000000601020 <__dso_handle>:
	...

0000000000601028 <g_strlen>:
  601028:	30 04 40             	xor    %al,(%rax,%rax,2)
  60102b:	00 00                	add    %al,(%rax)
  60102d:	00 00                	add    %al,(%rax)
	...

Disassembly of section .bss:

0000000000601030 <completed.6531>:
	...

0000000000601038 <dtor_idx.6533>:
	...

Disassembly of section .comment:

0000000000000000 <.comment>:
   0:	47                   	rex.RXB
   1:	43                   	rex.XB
   2:	43 3a 20             	rex.XB cmp (%r8),%spl
   5:	28 55 62             	sub    %dl,0x62(%rbp)
   8:	75 6e                	jne    78 <_init-0x400390>
   a:	74 75                	je     81 <_init-0x400387>
   c:	2f                   	(bad)  
   d:	4c 69 6e 61 72 6f 20 	imul   $0x34206f72,0x61(%rsi),%r13
  14:	34 
  15:	2e 36 2e 33 2d 31 75 	cs ss xor %cs:%ss:0x75627531(%rip),%ebp        # 7562754f <_end+0x7502650f>
  1c:	62 75 
  1e:	6e                   	outsb  %ds:(%rsi),(%dx)
  1f:	74 75                	je     96 <_init-0x400372>
  21:	35 29 20 34 2e       	xor    $0x2e342029,%eax
  26:	36 2e 33 00          	ss xor %cs:%ss:(%rax),%eax
